<?xml version="1.0"?>
<!--
  Copyright (c) 2000, 2020, Oracle and/or its affiliates.

  Licensed under the Universal Permissive License v 1.0 as shown at
  http://oss.oracle.com/licenses/upl.
-->
<cache-config xmlns:xsi="http://www.w3.org/2001/XMLSchema-instance"
              xmlns="http://xmlns.oracle.com/coherence/coherence-cache-config"
              xmlns:jcache="class://com.tangosol.coherence.jcache.JCacheExtendNamespace"
              xsi:schemaLocation="http://xmlns.oracle.com/coherence/coherence-cache-config
                                  coherence-cache-config.xsd">
    <caching-schemes>
        <remote-cache-scheme>
            <scheme-name>jcache-extend-tcp</scheme-name>
           <!--  <scope-name>jcache-extend</scope-name>  -->
            <service-name>TCPProxyService</service-name>
            <!-- <proxy-service-name>JCacheProxyService</proxy-service-name> -->
            <initiator-config>
                <tcp-initiator>
                    <remote-addresses>
                        <socket-address>
                            <address system-property="tangosol.coherence.extend.address">127.0.0.1</address>
                            <port system-property="tangosol.coherence.extend.port">7999</port>
                        </socket-address>
                    </remote-addresses>
                </tcp-initiator>
            </initiator-config>
        </remote-cache-scheme>
    </caching-schemes>
</cache-config>
