<?xml version="1.0"?>
<!--
  Copyright (c) 2000, 2025, Oracle and/or its affiliates.

  Licensed under the Universal Permissive License v 1.0 as shown at
  https://oss.oracle.com/licenses/upl.
  -->
<cache-config xmlns:xsi="http://www.w3.org/2001/XMLSchema-instance"
              xmlns="http://xmlns.oracle.com/coherence/coherence-cache-config"
              xsi:schemaLocation="http://xmlns.oracle.com/coherence/coherence-cache-config coherence-cache-config.xsd">

  <caching-scheme-mapping>
    <cache-mapping>
      <cache-name>PagedQueue$*</cache-name>
      <scheme-name>elastic-queues</scheme-name>
    </cache-mapping>
  </caching-scheme-mapping>

  <caching-schemes>
    <local-scheme>
      <scheme-name>my-local-scheme</scheme-name>
    </local-scheme>

    <distributed-scheme>
      <scheme-name>elastic-queues</scheme-name>
      <service-name>ElasticQueue</service-name>
      <backup-storage>
        <type>scheme</type>
        <scheme-name>my-local-scheme</scheme-name>
      </backup-storage>
      <backing-map-scheme>
        <local-scheme/>
      </backing-map-scheme>
      <autostart>true</autostart>
    </distributed-scheme>
  </caching-schemes>
</cache-config>
