<?xml version="1.0"?>
<!--
  Copyright (c) 2000, 2020, Oracle and/or its affiliates.

  Licensed under the Universal Permissive License v 1.0 as shown at
  http://oss.oracle.com/licenses/upl.
-->

<coherence xmlns:xsi="http://www.w3.org/2001/XMLSchema-instance"
           xmlns="http://xmlns.oracle.com/coherence/coherence-operational-config"
           xsi:schemaLocation="http://xmlns.oracle.com/coherence/coherence-operational-config coherence-operational-config.xsd"
           xml-override="tangosol-coherence-override.xml">

    <cluster-config>
        <address-providers>
            <address-provider id="extend-address-provider">
                <socket-address>
                    <address system-property="remote.address">127.0.0.1</address>
                    <port system-property="remote.port">10000</port>
                </socket-address>
            </address-provider>
        </address-providers>
    </cluster-config>

</coherence>
