<?xml version="1.0" encoding="UTF-8"?>
<!--
  Copyright (c) 2000, 2020, Oracle and/or its affiliates.

  Licensed under the Universal Permissive License v 1.0 as shown at
  http://oss.oracle.com/licenses/upl.
-->

<cache-config
        xmlns="http://xmlns.oracle.com/coherence/coherence-cache-config"
        xmlns:xsi="http://www.w3.org/2001/XMLSchema-instance"
        xsi:schemaLocation="http://xmlns.oracle.com/coherence/coherence-cache-config coherence-cache-config.xsd">

    <caching-scheme-mapping>
        <cache-mapping>
            <cache-name>dist1-*</cache-name>
            <scheme-name>remote-scheme</scheme-name>
        </cache-mapping>
        <cache-mapping>
            <cache-name>dist2-*</cache-name>
            <scheme-name>remote-scheme</scheme-name>
        </cache-mapping>
        <cache-mapping>
            <cache-name>repl1</cache-name>
            <scheme-name>remote-scheme</scheme-name>
        </cache-mapping>
        <cache-mapping>
            <cache-name>ram1</cache-name>
            <scheme-name>remote-scheme</scheme-name>
        </cache-mapping>
        <cache-mapping>
            <cache-name>flash1</cache-name>
            <scheme-name>remote-scheme</scheme-name>
        </cache-mapping>

    </caching-scheme-mapping>

    <caching-schemes>
        <remote-cache-scheme>
            <scheme-name>remote-scheme</scheme-name>
            <service-name>ExtendTcpProxyServiceClient</service-name>
            <!-- Use NameService -->
            <cluster-name system-property="test.remote.cluster">ClusterA</cluster-name>
            <proxy-service-name>ExtendTcpProxyService</proxy-service-name>
            <initiator-config>
                <tcp-initiator>
                    <name-service-addresses>
                        <address-provider>extend-address-provider</address-provider>
                    </name-service-addresses>
                </tcp-initiator>
                <outgoing-message-handler>
                    <request-timeout>30s</request-timeout>
                </outgoing-message-handler>
            </initiator-config>
        </remote-cache-scheme>

        </caching-schemes>

    </cache-config>