<?xml version="1.0" encoding="UTF-8"?>
<!--
  Copyright (c) 2000, 2020, Oracle and/or its affiliates.

  Licensed under the Universal Permissive License v 1.0 as shown at
  http://oss.oracle.com/licenses/upl.
-->
<cache-config
        xmlns="http://xmlns.oracle.com/coherence/coherence-cache-config"
        xmlns:xsi="http://www.w3.org/2001/XMLSchema-instance"
        xsi:schemaLocation="http://xmlns.oracle.com/coherence/coherence-cache-config coherence-cache-config.xsd">

    <caching-scheme-mapping>
        <cache-mapping>
            <cache-name>dist1-*</cache-name>
            <scheme-name>distributed-scheme-1</scheme-name>
        </cache-mapping>
        <cache-mapping>
            <cache-name>dist2-*</cache-name>
            <scheme-name>distributed-scheme-2</scheme-name>
        </cache-mapping>
        <cache-mapping>
            <cache-name>repl1</cache-name>
            <scheme-name>replicated-scheme</scheme-name>
        </cache-mapping>
    </caching-scheme-mapping>

    <caching-schemes>

        <replicated-scheme>
            <scheme-name>replicated-scheme</scheme-name>
            <service-name>ReplicatedScheme</service-name>
            <backing-map-scheme>
                <local-scheme />
            </backing-map-scheme>
            <autostart>true</autostart>
        </replicated-scheme>

        <distributed-scheme>
            <scheme-name>distributed-scheme-1</scheme-name>
            <service-name>DistributedScheme1</service-name>
            <thread-count-max>10</thread-count-max>
            <thread-count-min>10</thread-count-min>
          <partition-count system-property="partition.count">277</partition-count>
            <backing-map-scheme>
                <local-scheme>
                    <unit-calculator>BINARY</unit-calculator>
                </local-scheme>
            </backing-map-scheme>
            <persistence>
                <environment>simple-bdb-environment</environment>
            </persistence>
            <autostart>true</autostart>
        </distributed-scheme>

        <distributed-scheme>
            <scheme-name>distributed-scheme-2</scheme-name>
            <service-name>DistributedScheme2</service-name>
            <thread-count-max>10</thread-count-max>
            <thread-count-min>10</thread-count-min>
          <partition-count system-property="partition.count">277</partition-count>
            <backing-map-scheme>
                <local-scheme>
                    <unit-calculator>BINARY</unit-calculator>
                </local-scheme>
            </backing-map-scheme>
            <persistence>
                <environment>simple-bdb-environment</environment>
            </persistence>
            <autostart>true</autostart>
        </distributed-scheme>

        <proxy-scheme>
            <service-name>ExtendTcpProxyService</service-name>
            <!-- Use NameService -->
            <acceptor-config>
                <tcp-acceptor />
            </acceptor-config>
            <autostart>true</autostart>
        </proxy-scheme>

    </caching-schemes>
</cache-config>
