<?xml version="1.0"?>
<!--
  ~ Copyright (c) 2019, 2020, Oracle and/or its affiliates.
  ~
  ~ Licensed under the Universal Permissive License v 1.0 as shown at
  ~ http://oss.oracle.com/licenses/upl.
  -->

<cache-config xmlns:xsi="http://www.w3.org/2001/XMLSchema-instance"
              xmlns="http://xmlns.oracle.com/coherence/coherence-cache-config"
              xsi:schemaLocation="http://xmlns.oracle.com/coherence/coherence-cache-config coherence-cache-config.xsd">

  <scope-name>test</scope-name>

  <caching-scheme-mapping>
    <cache-mapping>
      <cache-name>*</cache-name>
      <scheme-name>distributed-scheme</scheme-name>
    </cache-mapping>

  </caching-scheme-mapping>

  <topic-scheme-mapping>
    <topic-mapping>
      <topic-name>*</topic-name>
      <scheme-name>topic-scheme</scheme-name>
    </topic-mapping>
  </topic-scheme-mapping>

  <caching-schemes>
    <distributed-scheme>
      <scheme-name>distributed-scheme</scheme-name>
      <service-name>TestCache</service-name>
      <local-storage system-property="coherence.distributed.localstorage">true
      </local-storage>
      <backing-map-scheme>
        <local-scheme/>
      </backing-map-scheme>
      <autostart>true</autostart>
    </distributed-scheme>

    <paged-topic-scheme>
      <scheme-name>topic-scheme</scheme-name>
      <service-name>TestTopic</service-name>
    </paged-topic-scheme>
  </caching-schemes>
</cache-config>