<?xml version="1.0"?>

<pof-config xmlns:xsi="http://www.w3.org/2001/XMLSchema-instance"
            xmlns="http://xmlns.oracle.com/coherence/coherence-pof-config"
            xsi:schemaLocation="http://xmlns.oracle.com/coherence/coherence-pof-config coherence-pof-config.xsd">
  <user-type-list>
    <include>coherence-pof-config.xml</include>
    <user-type>
      <type-id>1003</type-id>
      <class-name>data.Trade</class-name>
    </user-type>
    <user-type>
      <type-id>1004</type-id>
      <class-name>java.util.AbstractMap$SimpleEntry</class-name>
      <serializer>
        <class-name>quorum.QuorumPofTests$SimpleEntrySerializer</class-name>
      </serializer>
    </user-type>
  </user-type-list>
</pof-config>
